<testsuites id="" name="" tests="27" failures="0" skipped="27" errors="0" time="0.034331000000000014">
<testsuite name="auth.spec.ts" timestamp="2025-09-03T08:18:44.673Z" hostname="chromium" tests="9" failures="0" skipped="9" time="0" errors="0">
<testcase name="Authentication Flow › redirect unauthenticated /app -&gt; /login" classname="auth.spec.ts" time="0">
<skipped>
</skipped>
</testcase>
<testcase name="Authentication Flow › login success -&gt; /app, navbar shows email" classname="auth.spec.ts" time="0">
<skipped>
</skipped>
</testcase>
<testcase name="Authentication Flow › logout -&gt; back to /login; /app blocked" classname="auth.spec.ts" time="0">
<skipped>
</skipped>
</testcase>
<testcase name="Authentication Flow › login error shows message" classname="auth.spec.ts" time="0">
<skipped>
</skipped>
</testcase>
<testcase name="Authentication Flow › login with redirect parameter" classname="auth.spec.ts" time="0">
<skipped>
</skipped>
</testcase>
<testcase name="Authentication Flow › empty form submission is blocked" classname="auth.spec.ts" time="0">
<skipped>
</skipped>
</testcase>
<testcase name="Authentication Flow › loading state during login" classname="auth.spec.ts" time="0">
<skipped>
</skipped>
</testcase>
<testcase name="Protected Routes › can navigate to dashboard" classname="auth.spec.ts" time="0">
<skipped>
</skipped>
</testcase>
<testcase name="Protected Routes › can navigate to my entries page" classname="auth.spec.ts" time="0">
<skipped>
</skipped>
</testcase>
</testsuite>
<testsuite name="auth.spec.ts" timestamp="2025-09-03T08:18:44.673Z" hostname="firefox" tests="9" failures="0" skipped="9" time="0" errors="0">
<testcase name="Authentication Flow › redirect unauthenticated /app -&gt; /login" classname="auth.spec.ts" time="0">
<skipped>
</skipped>
</testcase>
<testcase name="Authentication Flow › login success -&gt; /app, navbar shows email" classname="auth.spec.ts" time="0">
<skipped>
</skipped>
</testcase>
<testcase name="Authentication Flow › logout -&gt; back to /login; /app blocked" classname="auth.spec.ts" time="0">
<skipped>
</skipped>
</testcase>
<testcase name="Authentication Flow › login error shows message" classname="auth.spec.ts" time="0">
<skipped>
</skipped>
</testcase>
<testcase name="Authentication Flow › login with redirect parameter" classname="auth.spec.ts" time="0">
<skipped>
</skipped>
</testcase>
<testcase name="Authentication Flow › empty form submission is blocked" classname="auth.spec.ts" time="0">
<skipped>
</skipped>
</testcase>
<testcase name="Authentication Flow › loading state during login" classname="auth.spec.ts" time="0">
<skipped>
</skipped>
</testcase>
<testcase name="Protected Routes › can navigate to dashboard" classname="auth.spec.ts" time="0">
<skipped>
</skipped>
</testcase>
<testcase name="Protected Routes › can navigate to my entries page" classname="auth.spec.ts" time="0">
<skipped>
</skipped>
</testcase>
</testsuite>
<testsuite name="auth.spec.ts" timestamp="2025-09-03T08:18:44.673Z" hostname="webkit" tests="9" failures="0" skipped="9" time="0" errors="0">
<testcase name="Authentication Flow › redirect unauthenticated /app -&gt; /login" classname="auth.spec.ts" time="0">
<skipped>
</skipped>
</testcase>
<testcase name="Authentication Flow › login success -&gt; /app, navbar shows email" classname="auth.spec.ts" time="0">
<skipped>
</skipped>
</testcase>
<testcase name="Authentication Flow › logout -&gt; back to /login; /app blocked" classname="auth.spec.ts" time="0">
<skipped>
</skipped>
</testcase>
<testcase name="Authentication Flow › login error shows message" classname="auth.spec.ts" time="0">
<skipped>
</skipped>
</testcase>
<testcase name="Authentication Flow › login with redirect parameter" classname="auth.spec.ts" time="0">
<skipped>
</skipped>
</testcase>
<testcase name="Authentication Flow › empty form submission is blocked" classname="auth.spec.ts" time="0">
<skipped>
</skipped>
</testcase>
<testcase name="Authentication Flow › loading state during login" classname="auth.spec.ts" time="0">
<skipped>
</skipped>
</testcase>
<testcase name="Protected Routes › can navigate to dashboard" classname="auth.spec.ts" time="0">
<skipped>
</skipped>
</testcase>
<testcase name="Protected Routes › can navigate to my entries page" classname="auth.spec.ts" time="0">
<skipped>
</skipped>
</testcase>
</testsuite>
</testsuites>